[2026-05-14 23:46:22] ERROR: testcase failed undefined
[2026-05-14 23:49:24] INFO: Launching application
[2026-05-15 18:46:25] INFO: Launching Application
[2026-05-15 18:46:29] INFO: Login successful
[2026-05-15 18:46:29] INFO: Product Checkout Flow Started
[2026-05-15 18:46:29] INFO: Product added to Cart
[2026-05-15 18:46:30] INFO: Product Checkout Done
[2026-05-15 18:46:32] INFO: Placeorder Successful
[2026-05-15 18:46:32] INFO: Order History Verified Successful
[2026-05-15 18:46:32] INFO: Order Summary Verified Successful
[2026-05-15 18:46:32] INFO: Product Checkout Flow Completed
[2026-05-15 18:46:32] INFO: Test execution completed
[2026-05-15 18:46:32] INFO: Test suite execution completed
[2026-05-15 18:47:08] INFO: Launching Application
[2026-05-15 18:47:10] INFO: Login successful
[2026-05-15 18:47:10] INFO: Product Checkout Flow Started
[2026-05-15 18:47:10] INFO: Product added to Cart
[2026-05-15 18:47:12] INFO: Product Checkout Done
[2026-05-15 18:47:14] INFO: Placeorder Successful
[2026-05-15 18:47:14] INFO: Order History Verified Successful
[2026-05-15 18:47:14] INFO: Order Summary Verified Successful
[2026-05-15 18:47:14] INFO: Product Checkout Flow Completed
[2026-05-15 18:47:14] INFO: Test execution completed
[2026-05-15 18:47:14] INFO: Test suite execution completed
